Reading file '20220829_IRIS2_postflight_framEvents.csv'
2022/04/26 07:26:12.165 (0 days 00:10:09.165): FLIGHTSTATE_WAITFORLAUNCH   , [0], Power off detected? Current was -1mA, voltage 9.46V
================================================================================
2022/04/26 07:38:53.011 (0 days 00:00:00.011): FLIGHTSTATE_DEBUG           , [0], Booting up with firmware version '12', reason was 'Brownout (BOR)'
2022/04/26 07:39:00.227 (0 days 00:00:07.227): FLIGHTSTATE_DEBUG           , [0], Changing configuration 'flig' with value '0'
2022/04/26 07:39:05.394 (0 days 00:00:12.394): FLIGHTSTATE_DEBUG           , [0], Power off detected? Current was -1mA, voltage 9.01V
================================================================================
2022/04/26 07:44:25.011 (0 days 00:00:00.011): FLIGHTSTATE_DEBUG           , [0], Booting up with firmware version '12', reason was 'Brownout (BOR)'
2022/04/26 07:46:02.946 (0 days 00:01:38.946): FLIGHTSTATE_DEBUG           , [0], SUNRISE GPIO Changed!
2022/04/26 07:46:17.001 (0 days 00:01:52.001): FLIGHTSTATE_DEBUG           , [0], SUNSIRE Signal activation detected!
2022/04/26 07:46:17.722 (0 days 00:01:53.722): FLIGHTSTATE_DEBUG           , [0], SUNRISE GPIO Changed!
2022/04/26 07:47:09.690 (0 days 00:02:45.690): FLIGHTSTATE_DEBUG           , [0], Power off detected? Current was -1mA, voltage 9.48V
================================================================================
2022/04/26 08:00:02.011 (0 days 00:00:00.011): FLIGHTSTATE_DEBUG           , [0], Booting up with firmware version '12', reason was 'Brownout (BOR)'
================================================================================
2022/04/26 08:00:30.126 (0 days 00:00:00.126): FLIGHTSTATE_DEBUG           , [0], Booting up with firmware version '12', reason was 'WDTPW password violation (PUC)'
2022/04/26 08:01:33.487 (0 days 00:01:04.487): FLIGHTSTATE_DEBUG           , [0], SUNRISE GPIO Changed!
2022/04/26 08:01:48.005 (0 days 00:01:19.005): FLIGHTSTATE_DEBUG           , [0], SUNSIRE Signal activation detected!
2022/04/26 08:01:48.060 (0 days 00:01:19.060): FLIGHTSTATE_DEBUG           , [0], SUNRISE GPIO Changed!
2022/04/26 08:01:56.039 (0 days 00:01:27.039): FLIGHTSTATE_DEBUG           , [0], Power off detected? Current was -1mA, voltage 9.33V
================================================================================
2022/04/26 08:02:13.011 (0 days 00:00:00.011): FLIGHTSTATE_DEBUG           , [0], Booting up with firmware version '12', reason was 'Brownout (BOR)'
2022/04/26 08:02:45.463 (0 days 00:00:32.463): FLIGHTSTATE_WAITFORLAUNCH   , [0], Changing configuration 'flig' with value '1'
2022/04/26 08:03:10.631 (0 days 00:00:58.631): FLIGHTSTATE_WAITFORLAUNCH   , [0], Power off detected? Current was -1mA, voltage 9.36V
================================================================================
2022/07/08 16:29:30.011 (0 days 00:00:00.011): FLIGHTSTATE_DEBUG           , [0], Booting up with firmware version '12', reason was 'Brownout (BOR)'
2022/07/08 22:50:29.291 (0 days 06:20:59.291): FLIGHTSTATE_WAITFORLAUNCH   , [0], Power off detected? Current was -1mA, voltage 8.70V
================================================================================
2022/07/09 16:23:48.011 (0 days 00:00:00.011): FLIGHTSTATE_DEBUG           , [0], Booting up with firmware version '12', reason was 'Brownout (BOR)'
2022/07/10 00:46:54.112 (0 days 08:23:05.112): FLIGHTSTATE_WAITFORLAUNCH   , [0], SUNRISE GPIO Changed!
2022/07/10 00:47:09.004 (0 days 08:23:20.004): FLIGHTSTATE_WAITFORLAUNCH   , [0], SUNSIRE Signal activation detected!
2022/07/10 00:47:09.006 (0 days 08:23:20.006): FLIGHTSTATE_WAITFORLAUNCH   , [0], Flight sequence changed to 'FLIGHTSTATE_LAUNCH' due to SUNRISE GPIO signal detection.
2022/07/10 00:47:09.008 (0 days 08:23:20.008): FLIGHTSTATE_LAUNCH          , [0], Camera '0' started recording video with a duration of 7200s in 'Normal 2.7k/4:3' mode.
2022/07/10 00:47:09.010 (0 days 08:23:20.010): FLIGHTSTATE_LAUNCH          , [0], Camera '1' started recording video with a duration of 7200s in 'Normal 2.7k/4:3' mode.
2022/07/10 00:47:09.012 (0 days 08:23:20.012): FLIGHTSTATE_LAUNCH          , [0], Camera '2' started recording video with a duration of 3600s in 'Normal 2.7k/4:3' mode.
2022/07/10 00:47:09.014 (0 days 08:23:20.014): FLIGHTSTATE_LAUNCH          , [0], Camera '3' started recording video with a duration of 3600s in 'Normal 2.7k/4:3' mode.
2022/07/10 00:47:35.759 (0 days 08:23:47.759): FLIGHTSTATE_LAUNCH          , [0], SUNRISE GPIO Changed!
2022/07/10 01:47:24.034 (0 days 09:23:35.034): FLIGHTSTATE_LAUNCH          , [0], Camera '2' ended recording video.
2022/07/10 01:47:24.043 (0 days 09:23:35.043): FLIGHTSTATE_LAUNCH          , [0], Camera '3' ended recording video.
2022/07/10 02:47:24.018 (0 days 10:23:35.018): FLIGHTSTATE_LAUNCH          , [0], Camera '0' ended recording video.
2022/07/10 02:47:24.034 (0 days 10:23:35.034): FLIGHTSTATE_LAUNCH          , [0], Camera '1' ended recording video.
2022/07/10 02:47:31.454 (0 days 10:23:42.454): FLIGHTSTATE_LAUNCH          , [0], Power off detected? Current was -2mA, voltage 8.47V
2022/07/10 02:47:31.767 (0 days 10:23:43.767): FLIGHTSTATE_LAUNCH          , [0], Power off detected? Current was -4mA, voltage 8.46V
2022/07/10 02:47:36.079 (0 days 10:23:47.079): FLIGHTSTATE_LAUNCH          , [0], Power off detected? Current was -4mA, voltage 8.48V
2022/07/10 02:47:39.007 (0 days 10:23:50.007): FLIGHTSTATE_LAUNCH          , [0], Flight sequence changed to 'FLIGHTSTATE_TIMELAPSE'
2022/07/10 02:47:51.933 (0 days 10:24:03.933): FLIGHTSTATE_TIMELAPSE       , [0], Power off detected? Current was -4mA, voltage 8.47V
2022/07/10 02:47:56.070 (0 days 10:24:07.070): FLIGHTSTATE_TIMELAPSE       , [0], Power off detected? Current was -4mA, voltage 8.48V
2022/07/10 02:47:59.731 (0 days 10:24:11.731): FLIGHTSTATE_TIMELAPSE       , [0], Power off detected? Current was -2mA, voltage 8.48V
2022/07/10 02:47:59.938 (0 days 10:24:11.938): FLIGHTSTATE_TIMELAPSE       , [0], Power off detected? Current was -4mA, voltage 8.48V
2022/07/10 02:48:00.248 (0 days 10:24:11.248): FLIGHTSTATE_TIMELAPSE       , [0], Power off detected? Current was -2mA, voltage 8.48V
2022/07/10 02:48:00.765 (0 days 10:24:12.765): FLIGHTSTATE_TIMELAPSE       , [0], Power off detected? Current was -4mA, voltage 8.48V
2022/07/10 02:48:01.073 (0 days 10:24:12.073): FLIGHTSTATE_TIMELAPSE       , [0], Power off detected? Current was -2mA, voltage 8.48V
2022/07/10 02:48:01.283 (0 days 10:24:12.283): FLIGHTSTATE_TIMELAPSE       , [0], Power off detected? Current was -4mA, voltage 8.48V
2022/07/10 02:48:01.634 (0 days 10:24:13.634): FLIGHTSTATE_TIMELAPSE       , [0], Power off detected? Current was -2mA, voltage 8.48V
2022/07/10 02:48:03.076 (0 days 10:24:14.076): FLIGHTSTATE_TIMELAPSE       , [0], Power off detected? Current was -4mA, voltage 8.48V
2022/07/10 02:48:03.388 (0 days 10:24:14.388): FLIGHTSTATE_TIMELAPSE       , [0], Power off detected? Current was -2mA, voltage 8.48V
2022/07/10 02:48:08.101 (0 days 10:24:19.101): FLIGHTSTATE_TIMELAPSE       , [0], Power off detected? Current was -2mA, voltage 8.48V
2022/07/10 02:48:13.094 (0 days 10:24:24.094): FLIGHTSTATE_TIMELAPSE       , [0], Power off detected? Current was -2mA, voltage 8.48V
2022/07/10 02:48:18.062 (0 days 10:24:29.062): FLIGHTSTATE_TIMELAPSE       , [0], Power off detected? Current was -2mA, voltage 8.48V
2022/07/10 02:48:23.063 (0 days 10:24:34.063): FLIGHTSTATE_TIMELAPSE       , [0], Power off detected? Current was -2mA, voltage 8.48V
2022/07/10 02:48:28.050 (0 days 10:24:39.050): FLIGHTSTATE_TIMELAPSE       , [0], Power off detected? Current was -2mA, voltage 8.49V
2022/07/10 02:48:33.012 (0 days 10:24:44.012): FLIGHTSTATE_TIMELAPSE       , [0], Power off detected? Current was -2mA, voltage 8.49V
2022/07/10 02:48:34.180 (0 days 10:24:45.180): FLIGHTSTATE_TIMELAPSE       , [0], Power off detected? Current was -1mA, voltage 8.49V
2022/07/10 02:48:34.490 (0 days 10:24:45.490): FLIGHTSTATE_TIMELAPSE       , [0], Power off detected? Current was -2mA, voltage 8.49V
2022/07/10 02:48:39.050 (0 days 10:24:50.050): FLIGHTSTATE_TIMELAPSE       , [0], Power off detected? Current was -2mA, voltage 8.49V
2022/07/10 02:48:44.053 (0 days 10:24:55.053): FLIGHTSTATE_TIMELAPSE       , [0], Power off detected? Current was -2mA, voltage 8.49V
2022/07/10 02:48:49.046 (0 days 10:25:00.046): FLIGHTSTATE_TIMELAPSE       , [0], Power off detected? Current was -2mA, voltage 8.49V
2022/07/10 02:48:54.063 (0 days 10:25:05.063): FLIGHTSTATE_TIMELAPSE       , [0], Power off detected? Current was -2mA, voltage 8.49V
2022/07/10 02:48:59.086 (0 days 10:25:10.086): FLIGHTSTATE_TIMELAPSE       , [0], Power off detected? Current was -2mA, voltage 8.49V
2022/07/10 02:49:04.056 (0 days 10:25:15.056): FLIGHTSTATE_TIMELAPSE       , [0], Power off detected? Current was -2mA, voltage 8.50V
2022/07/10 02:49:09.063 (0 days 10:25:20.063): FLIGHTSTATE_TIMELAPSE       , [0], Power off detected? Current was -2mA, voltage 8.50V
2022/07/10 02:49:09.990 (0 days 10:25:21.990): FLIGHTSTATE_TIMELAPSE       , [0], Power off detected? Current was -1mA, voltage 8.50V
2022/07/10 02:49:10.299 (0 days 10:25:21.299): FLIGHTSTATE_TIMELAPSE       , [0], Power off detected? Current was -2mA, voltage 8.50V
2022/07/10 02:49:15.091 (0 days 10:25:26.091): FLIGHTSTATE_TIMELAPSE       , [0], Power off detected? Current was -2mA, voltage 8.50V
2022/07/10 02:49:19.189 (0 days 10:25:30.189): FLIGHTSTATE_TIMELAPSE       , [0], Power off detected? Current was -1mA, voltage 8.50V
2022/07/10 02:49:19.396 (0 days 10:25:30.396): FLIGHTSTATE_TIMELAPSE       , [0], Power off detected? Current was -2mA, voltage 8.50V
2022/07/10 02:49:21.295 (0 days 10:25:32.295): FLIGHTSTATE_TIMELAPSE       , [0], Power off detected? Current was -1mA, voltage 8.50V
2022/07/10 02:49:21.503 (0 days 10:25:33.503): FLIGHTSTATE_TIMELAPSE       , [0], Power off detected? Current was -2mA, voltage 8.50V
2022/07/10 02:49:21.812 (0 days 10:25:33.812): FLIGHTSTATE_TIMELAPSE       , [0], Power off detected? Current was -1mA, voltage 8.50V
2022/07/10 02:49:22.329 (0 days 10:25:33.329): FLIGHTSTATE_TIMELAPSE       , [0], Power off detected? Current was -2mA, voltage 8.50V
2022/07/10 02:49:22.538 (0 days 10:25:34.538): FLIGHTSTATE_TIMELAPSE       , [0], Power off detected? Current was -1mA, voltage 8.50V
2022/07/10 02:49:23.612 (0 days 10:25:35.612): FLIGHTSTATE_TIMELAPSE       , [0], Power off detected? Current was -2mA, voltage 8.50V
2022/07/10 02:49:24.127 (0 days 10:25:35.127): FLIGHTSTATE_TIMELAPSE       , [0], Power off detected? Current was -1mA, voltage 8.50V
2022/07/10 02:49:24.435 (0 days 10:25:35.435): FLIGHTSTATE_TIMELAPSE       , [0], Power off detected? Current was -2mA, voltage 8.50V
2022/07/10 02:49:24.641 (0 days 10:25:36.641): FLIGHTSTATE_TIMELAPSE       , [0], Power off detected? Current was -1mA, voltage 8.50V
2022/07/10 02:49:26.010 (0 days 10:25:37.010): FLIGHTSTATE_TIMELAPSE       , [0], Power off detected? Current was -2mA, voltage 8.50V
2022/07/10 02:49:26.216 (0 days 10:25:37.216): FLIGHTSTATE_TIMELAPSE       , [0], Power off detected? Current was -1mA, voltage 8.50V
2022/07/10 02:49:27.041 (0 days 10:25:38.041): FLIGHTSTATE_TIMELAPSE       , [0], Power off detected? Current was -2mA, voltage 8.50V
2022/07/10 02:49:27.247 (0 days 10:25:38.247): FLIGHTSTATE_TIMELAPSE       , [0], Power off detected? Current was -1mA, voltage 8.50V
2022/07/10 02:49:28.278 (0 days 10:25:39.278): FLIGHTSTATE_TIMELAPSE       , [0], Power off detected? Current was -2mA, voltage 8.50V
2022/07/10 02:49:28.588 (0 days 10:25:40.588): FLIGHTSTATE_TIMELAPSE       , [0], Power off detected? Current was -1mA, voltage 8.50V
2022/07/10 02:49:31.697 (0 days 10:25:43.697): FLIGHTSTATE_TIMELAPSE       , [0], Power off detected? Current was -2mA, voltage 8.50V
2022/07/10 02:49:32.041 (0 days 10:25:43.041): FLIGHTSTATE_TIMELAPSE       , [0], Power off detected? Current was -1mA, voltage 8.50V
2022/07/10 02:49:32.452 (0 days 10:25:43.452): FLIGHTSTATE_TIMELAPSE       , [0], Power off detected? Current was -2mA, voltage 8.50V
2022/07/10 02:49:32.765 (0 days 10:25:44.765): FLIGHTSTATE_TIMELAPSE       , [0], Power off detected? Current was -1mA, voltage 8.50V
2022/07/10 02:49:34.049 (0 days 10:25:45.049): FLIGHTSTATE_TIMELAPSE       , [0], Power off detected? Current was -2mA, voltage 8.50V
2022/07/10 02:49:34.357 (0 days 10:25:45.357): FLIGHTSTATE_TIMELAPSE       , [0], Power off detected? Current was -1mA, voltage 8.50V
2022/07/10 02:49:39.072 (0 days 10:25:50.072): FLIGHTSTATE_TIMELAPSE       , [0], Power off detected? Current was -1mA, voltage 8.50V
2022/07/10 02:49:52.887 (0 days 10:26:04.887): FLIGHTSTATE_TIMELAPSE       , [0], Power off detected? Current was -1mA, voltage 8.49V
2022/07/10 02:49:53.143 (0 days 10:26:04.143): FLIGHTSTATE_TIMELAPSE       , [0], Power off detected? Current was -2mA, voltage 8.49V
2022/07/10 02:49:57.267 (0 days 10:26:08.267): FLIGHTSTATE_TIMELAPSE       , [0], Power off detected? Current was -1mA, voltage 8.49V
2022/07/10 02:49:57.576 (0 days 10:26:09.576): FLIGHTSTATE_TIMELAPSE       , [0], Power off detected? Current was -2mA, voltage 8.50V
2022/07/10 02:49:59.177 (0 days 10:26:10.177): FLIGHTSTATE_TIMELAPSE       , [0], Power off detected? Current was -1mA, voltage 8.50V
2022/07/10 02:49:59.384 (0 days 10:26:10.384): FLIGHTSTATE_TIMELAPSE       , [0], Power off detected? Current was -2mA, voltage 8.50V
2022/07/10 02:50:00.212 (0 days 10:26:11.212): FLIGHTSTATE_TIMELAPSE       , [0], Power off detected? Current was -1mA, voltage 8.50V
2022/07/10 02:50:00.933 (0 days 10:26:12.933): FLIGHTSTATE_TIMELAPSE       , [0], Power off detected? Current was -2mA, voltage 8.50V
2022/07/10 02:50:01.189 (0 days 10:26:12.189): FLIGHTSTATE_TIMELAPSE       , [0], Power off detected? Current was -1mA, voltage 8.50V
2022/07/10 02:50:02.014 (0 days 10:26:13.014): FLIGHTSTATE_TIMELAPSE       , [0], Power off detected? Current was -2mA, voltage 8.50V
2022/07/10 02:50:02.326 (0 days 10:26:13.326): FLIGHTSTATE_TIMELAPSE       , [0], Power off detected? Current was -1mA, voltage 8.50V
2022/07/10 02:50:03.048 (0 days 10:26:14.048): FLIGHTSTATE_TIMELAPSE       , [0], Power off detected? Current was -2mA, voltage 8.50V
2022/07/10 02:50:03.297 (0 days 10:26:14.297): FLIGHTSTATE_TIMELAPSE       , [0], Power off detected? Current was -1mA, voltage 8.50V
2022/07/10 02:50:08.083 (0 days 10:26:19.083): FLIGHTSTATE_TIMELAPSE       , [0], Power off detected? Current was -1mA, voltage 8.50V
2022/07/10 02:50:13.058 (0 days 10:26:24.058): FLIGHTSTATE_TIMELAPSE       , [0], Power off detected? Current was -1mA, voltage 8.50V
2022/07/10 02:50:18.000 (0 days 10:26:29.000): FLIGHTSTATE_TIMELAPSE       , [0], Power off detected? Current was -1mA, voltage 8.50V
2022/07/10 02:50:23.100 (0 days 10:26:34.100): FLIGHTSTATE_TIMELAPSE       , [0], Power off detected? Current was -1mA, voltage 8.50V
2022/07/10 02:50:28.024 (0 days 10:26:39.024): FLIGHTSTATE_TIMELAPSE       , [0], Power off detected? Current was -1mA, voltage 8.50V
2022/07/10 02:50:33.068 (0 days 10:26:44.068): FLIGHTSTATE_TIMELAPSE       , [0], Power off detected? Current was -1mA, voltage 8.50V
2022/07/10 02:50:38.066 (0 days 10:26:49.066): FLIGHTSTATE_TIMELAPSE       , [0], Power off detected? Current was -1mA, voltage 8.50V
2022/07/10 02:50:43.004 (0 days 10:26:54.004): FLIGHTSTATE_TIMELAPSE       , [0], Power off detected? Current was -1mA, voltage 8.50V
2022/07/10 02:50:49.014 (0 days 10:27:00.014): FLIGHTSTATE_TIMELAPSE       , [0], Power off detected? Current was -1mA, voltage 8.50V
2022/07/10 02:50:54.039 (0 days 10:27:05.039): FLIGHTSTATE_TIMELAPSE       , [0], Power off detected? Current was -1mA, voltage 8.51V
2022/07/10 02:50:59.040 (0 days 10:27:10.040): FLIGHTSTATE_TIMELAPSE       , [0], Power off detected? Current was -1mA, voltage 8.51V
2022/07/10 02:51:04.011 (0 days 10:27:15.011): FLIGHTSTATE_TIMELAPSE       , [0], Power off detected? Current was -1mA, voltage 8.51V
2022/07/10 02:51:09.018 (0 days 10:27:20.018): FLIGHTSTATE_TIMELAPSE       , [0], Power off detected? Current was -1mA, voltage 8.51V
2022/07/10 02:51:14.011 (0 days 10:27:25.011): FLIGHTSTATE_TIMELAPSE       , [0], Power off detected? Current was -1mA, voltage 8.51V
2022/07/10 02:51:19.086 (0 days 10:27:30.086): FLIGHTSTATE_TIMELAPSE       , [0], Power off detected? Current was -1mA, voltage 8.51V
2022/07/10 02:51:24.080 (0 days 10:27:35.080): FLIGHTSTATE_TIMELAPSE       , [0], Power off detected? Current was -1mA, voltage 8.51V
2022/07/10 02:51:29.076 (0 days 10:27:40.076): FLIGHTSTATE_TIMELAPSE       , [0], Power off detected? Current was -1mA, voltage 8.51V
2022/07/10 02:51:34.592 (0 days 10:27:46.592): FLIGHTSTATE_TIMELAPSE       , [0], Power off detected? Current was -1mA, voltage 8.51V
2022/07/10 02:51:54.107 (0 days 10:28:05.107): FLIGHTSTATE_TIMELAPSE       , [0], Power off detected? Current was -1mA, voltage 8.50V
2022/07/10 02:51:59.074 (0 days 10:28:10.074): FLIGHTSTATE_TIMELAPSE       , [0], Power off detected? Current was -1mA, voltage 8.51V
2022/07/10 06:47:39.709 (0 days 14:23:51.709): FLIGHTSTATE_TIMELAPSE       , [0], Flight sequence changed to 'FLIGHTSTATE_LANDING' due to altitude below the height threshold.
2022/07/10 06:47:54.689 (0 days 14:24:06.689): FLIGHTSTATE_LANDING         , [0], Camera '0' started recording video with a duration of 900s in 'Normal 2.7k/4:3' mode.
2022/07/10 06:47:54.691 (0 days 14:24:06.691): FLIGHTSTATE_LANDING         , [0], Camera '1' started recording video with a duration of 3600s in 'Normal 2.7k/4:3' mode.
2022/07/10 06:47:54.693 (0 days 14:24:06.693): FLIGHTSTATE_LANDING         , [0], Camera '2' started recording video with a duration of 900s in 'HighSpeed 960p/Wide' mode.
2022/07/10 06:47:54.695 (0 days 14:24:06.695): FLIGHTSTATE_LANDING         , [0], Camera '3' started recording video with a duration of 900s in 'Normal 2.7k/4:3' mode.
2022/07/10 06:59:12.936 (0 days 14:35:24.936): FLIGHTSTATE_LANDING         , [1], IRIS2 is below landing threshold! Measured 2996.07m.
2022/07/10 07:03:09.706 (0 days 14:39:21.706): FLIGHTSTATE_LANDING         , [2], Camera '0' ended recording video.
2022/07/10 07:03:09.727 (0 days 14:39:21.727): FLIGHTSTATE_LANDING         , [2], Camera '2' ended recording video.
2022/07/10 07:03:09.736 (0 days 14:39:21.736): FLIGHTSTATE_LANDING         , [2], Camera '3' ended recording video.
2022/07/10 07:48:09.706 (0 days 15:24:21.706): FLIGHTSTATE_LANDING         , [2], Camera '1' ended recording video.
2022/07/10 07:48:17.419 (0 days 15:24:28.419): FLIGHTSTATE_LANDING         , [2], Power off detected? Current was -2mA, voltage 8.59V
2022/07/10 07:48:22.048 (0 days 15:24:33.048): FLIGHTSTATE_LANDING         , [2], Power off detected? Current was -2mA, voltage 8.59V
2022/07/10 07:48:24.422 (0 days 15:24:35.422): FLIGHTSTATE_LANDING         , [2], Power off detected? Current was -1mA, voltage 8.59V
2022/07/10 07:48:24.731 (0 days 15:24:36.731): FLIGHTSTATE_LANDING         , [2], Power off detected? Current was -2mA, voltage 8.59V
2022/07/10 07:48:25.451 (0 days 15:24:36.451): FLIGHTSTATE_LANDING         , [2], Power off detected? Current was -1mA, voltage 8.59V
2022/07/10 07:48:25.966 (0 days 15:24:37.966): FLIGHTSTATE_LANDING         , [2], Power off detected? Current was -2mA, voltage 8.60V
2022/07/10 07:48:26.277 (0 days 15:24:37.277): FLIGHTSTATE_LANDING         , [2], Power off detected? Current was -1mA, voltage 8.59V
2022/07/10 07:48:26.530 (0 days 15:24:38.530): FLIGHTSTATE_LANDING         , [2], Power off detected? Current was -2mA, voltage 8.59V
2022/07/10 07:48:26.841 (0 days 15:24:38.841): FLIGHTSTATE_LANDING         , [2], Power off detected? Current was -1mA, voltage 8.60V
2022/07/10 07:48:27.868 (0 days 15:24:39.868): FLIGHTSTATE_LANDING         , [2], Power off detected? Current was -2mA, voltage 8.60V
2022/07/10 07:48:28.076 (0 days 15:24:39.076): FLIGHTSTATE_LANDING         , [2], Power off detected? Current was -1mA, voltage 8.59V
2022/07/10 07:48:33.062 (0 days 15:24:44.062): FLIGHTSTATE_LANDING         , [2], Power off detected? Current was -1mA, voltage 8.60V
2022/07/10 07:48:38.005 (0 days 15:24:49.005): FLIGHTSTATE_LANDING         , [2], Power off detected? Current was -1mA, voltage 8.60V
2022/07/10 07:48:43.095 (0 days 15:24:54.095): FLIGHTSTATE_LANDING         , [2], Power off detected? Current was -1mA, voltage 8.60V
2022/07/10 07:48:48.034 (0 days 15:24:59.034): FLIGHTSTATE_LANDING         , [2], Power off detected? Current was -1mA, voltage 8.60V
2022/07/10 07:48:53.024 (0 days 15:25:04.024): FLIGHTSTATE_LANDING         , [2], Power off detected? Current was -1mA, voltage 8.60V
2022/07/10 07:48:58.061 (0 days 15:25:09.061): FLIGHTSTATE_LANDING         , [2], Power off detected? Current was -1mA, voltage 8.60V
2022/07/10 07:49:03.057 (0 days 15:25:14.057): FLIGHTSTATE_LANDING         , [2], Power off detected? Current was -1mA, voltage 8.60V
2022/07/10 07:49:08.092 (0 days 15:25:19.092): FLIGHTSTATE_LANDING         , [2], Power off detected? Current was -1mA, voltage 8.60V
2022/07/10 07:49:13.087 (0 days 15:25:24.087): FLIGHTSTATE_LANDING         , [2], Power off detected? Current was -1mA, voltage 8.60V
2022/07/10 07:49:18.026 (0 days 15:25:29.026): FLIGHTSTATE_LANDING         , [2], Power off detected? Current was -1mA, voltage 8.60V
2022/07/10 07:49:23.012 (0 days 15:25:34.012): FLIGHTSTATE_LANDING         , [2], Power off detected? Current was -1mA, voltage 8.60V
2022/07/10 07:49:28.051 (0 days 15:25:39.051): FLIGHTSTATE_LANDING         , [2], Power off detected? Current was -1mA, voltage 8.60V
2022/07/10 07:49:33.036 (0 days 15:25:44.036): FLIGHTSTATE_LANDING         , [2], Power off detected? Current was -1mA, voltage 8.60V
2022/07/10 07:49:39.568 (0 days 15:25:51.568): FLIGHTSTATE_LANDING         , [2], Power off detected? Current was -1mA, voltage 8.61V
2022/07/10 08:17:39.690 (0 days 15:53:51.690): FLIGHTSTATE_LANDING         , [2], Flight sequence changed to 'FLIGHTSTATE_TIMELAPSE_LAND'
2022/07/12 10:01:30.945 (2 days 17:37:38.945): FLIGHTSTATE_TIMELAPSE_LAND  , [0], Movement detected by Accelerometer!
2022/07/12 10:01:35.491 (2 days 17:37:42.491): FLIGHTSTATE_TIMELAPSE_LAND  , [0], Movement detected by Accelerometer!
2022/07/12 10:01:45.358 (2 days 17:37:52.358): FLIGHTSTATE_TIMELAPSE_LAND  , [0], Movement detected by Accelerometer!
2022/07/12 10:08:04.245 (2 days 17:44:11.245): FLIGHTSTATE_TIMELAPSE_LAND  , [0], Movement detected by Accelerometer!
2022/07/12 10:11:38.069 (2 days 17:47:45.069): FLIGHTSTATE_TIMELAPSE_LAND  , [0], Movement detected by Accelerometer!
2022/07/17 19:18:51.210 (8 days 02:54:49.210): FLIGHTSTATE_TIMELAPSE_LAND  , [0], EVENT_I2C_ERROR_RESET
2022/07/17 19:18:56.927 (8 days 02:54:55.927): FLIGHTSTATE_TIMELAPSE_LAND  , [0], EVENT_I2C_ERROR_RESET
2022/07/17 19:19:01.397 (8 days 02:54:59.397): FLIGHTSTATE_TIMELAPSE_LAND  , [0], EVENT_I2C_ERROR_RESET
2022/07/17 19:19:06.986 (8 days 02:55:05.986): FLIGHTSTATE_TIMELAPSE_LAND  , [0], EVENT_I2C_ERROR_RESET
2022/07/17 19:19:11.456 (8 days 02:55:09.456): FLIGHTSTATE_TIMELAPSE_LAND  , [0], EVENT_I2C_ERROR_RESET
2022/07/17 19:19:17.045 (8 days 02:55:15.045): FLIGHTSTATE_TIMELAPSE_LAND  , [0], EVENT_I2C_ERROR_RESET
2022/07/17 19:19:22.634 (8 days 02:55:21.634): FLIGHTSTATE_TIMELAPSE_LAND  , [0], EVENT_I2C_ERROR_RESET
2022/07/17 19:19:27.104 (8 days 02:55:25.104): FLIGHTSTATE_TIMELAPSE_LAND  , [0], EVENT_I2C_ERROR_RESET
2022/07/17 19:19:32.693 (8 days 02:55:31.693): FLIGHTSTATE_TIMELAPSE_LAND  , [0], EVENT_I2C_ERROR_RESET
2022/07/17 19:19:37.163 (8 days 02:55:35.163): FLIGHTSTATE_TIMELAPSE_LAND  , [0], EVENT_I2C_ERROR_RESET
2022/07/17 19:19:42.752 (8 days 02:55:41.752): FLIGHTSTATE_TIMELAPSE_LAND  , [0], EVENT_I2C_ERROR_RESET
2022/07/17 19:19:47.222 (8 days 02:55:45.222): FLIGHTSTATE_TIMELAPSE_LAND  , [0], EVENT_I2C_ERROR_RESET
2022/07/17 19:19:52.811 (8 days 02:55:51.811): FLIGHTSTATE_TIMELAPSE_LAND  , [0], EVENT_I2C_ERROR_RESET
2022/07/17 19:19:57.281 (8 days 02:55:55.281): FLIGHTSTATE_TIMELAPSE_LAND  , [0], EVENT_I2C_ERROR_RESET
2022/07/17 19:20:02.870 (8 days 02:56:01.870): FLIGHTSTATE_TIMELAPSE_LAND  , [0], EVENT_I2C_ERROR_RESET
2022/07/17 19:20:07.340 (8 days 02:56:05.340): FLIGHTSTATE_TIMELAPSE_LAND  , [0], EVENT_I2C_ERROR_RESET
2022/07/17 19:20:12.929 (8 days 02:56:11.929): FLIGHTSTATE_TIMELAPSE_LAND  , [0], EVENT_I2C_ERROR_RESET
2022/07/17 19:20:17.399 (8 days 02:56:15.399): FLIGHTSTATE_TIMELAPSE_LAND  , [0], EVENT_I2C_ERROR_RESET
2022/07/17 19:20:22.988 (8 days 02:56:21.988): FLIGHTSTATE_TIMELAPSE_LAND  , [0], EVENT_I2C_ERROR_RESET
2022/07/17 19:20:27.458 (8 days 02:56:25.458): FLIGHTSTATE_TIMELAPSE_LAND  , [0], EVENT_I2C_ERROR_RESET
2022/07/17 19:20:33.047 (8 days 02:56:31.047): FLIGHTSTATE_TIMELAPSE_LAND  , [0], EVENT_I2C_ERROR_RESET
2022/07/17 19:20:38.634 (8 days 02:56:37.634): FLIGHTSTATE_TIMELAPSE_LAND  , [0], EVENT_I2C_ERROR_RESET
2022/07/17 19:20:39.703 (8 days 02:56:38.703): FLIGHTSTATE_TIMELAPSE_LAND  , [0], EVENT_I2C_ERROR_RESET
2022/07/17 19:20:44.180 (8 days 02:56:42.180): FLIGHTSTATE_TIMELAPSE_LAND  , [0], EVENT_I2C_ERROR_RESET
2022/07/17 19:20:49.796 (8 days 02:56:48.796): FLIGHTSTATE_TIMELAPSE_LAND  , [0], EVENT_I2C_ERROR_RESET
2022/07/17 19:20:54.267 (8 days 02:56:52.267): FLIGHTSTATE_TIMELAPSE_LAND  , [0], EVENT_I2C_ERROR_RESET
2022/07/17 19:20:59.854 (8 days 02:56:58.854): FLIGHTSTATE_TIMELAPSE_LAND  , [0], EVENT_I2C_ERROR_RESET
2022/07/17 19:21:04.326 (8 days 02:57:02.326): FLIGHTSTATE_TIMELAPSE_LAND  , [0], EVENT_I2C_ERROR_RESET
2022/07/17 19:21:09.913 (8 days 02:57:08.913): FLIGHTSTATE_TIMELAPSE_LAND  , [0], EVENT_I2C_ERROR_RESET
2022/07/17 19:21:14.385 (8 days 02:57:12.385): FLIGHTSTATE_TIMELAPSE_LAND  , [0], EVENT_I2C_ERROR_RESET
2022/07/17 19:21:19.972 (8 days 02:57:18.972): FLIGHTSTATE_TIMELAPSE_LAND  , [0], EVENT_I2C_ERROR_RESET
2022/07/17 19:21:24.445 (8 days 02:57:22.445): FLIGHTSTATE_TIMELAPSE_LAND  , [0], EVENT_I2C_ERROR_RESET
2022/07/17 19:21:30.032 (8 days 02:57:28.032): FLIGHTSTATE_TIMELAPSE_LAND  , [0], EVENT_I2C_ERROR_RESET
2022/07/17 19:21:35.621 (8 days 02:57:34.621): FLIGHTSTATE_TIMELAPSE_LAND  , [0], EVENT_I2C_ERROR_RESET
2022/07/17 19:21:40.091 (8 days 02:57:38.091): FLIGHTSTATE_TIMELAPSE_LAND  , [0], EVENT_I2C_ERROR_RESET
2022/07/17 19:21:45.681 (8 days 02:57:44.681): FLIGHTSTATE_TIMELAPSE_LAND  , [0], EVENT_I2C_ERROR_RESET
2022/07/17 19:21:50.151 (8 days 02:57:48.151): FLIGHTSTATE_TIMELAPSE_LAND  , [0], EVENT_I2C_ERROR_RESET
2022/07/17 19:21:55.741 (8 days 02:57:54.741): FLIGHTSTATE_TIMELAPSE_LAND  , [0], EVENT_I2C_ERROR_RESET
2022/07/17 19:22:00.211 (8 days 02:57:58.211): FLIGHTSTATE_TIMELAPSE_LAND  , [0], EVENT_I2C_ERROR_RESET
2022/07/17 19:22:05.801 (8 days 02:58:04.801): FLIGHTSTATE_TIMELAPSE_LAND  , [0], EVENT_I2C_ERROR_RESET
2022/07/17 19:22:10.271 (8 days 02:58:08.271): FLIGHTSTATE_TIMELAPSE_LAND  , [0], EVENT_I2C_ERROR_RESET
2022/07/17 19:22:15.860 (8 days 02:58:14.860): FLIGHTSTATE_TIMELAPSE_LAND  , [0], EVENT_I2C_ERROR_RESET
2022/07/17 19:22:20.330 (8 days 02:58:18.330): FLIGHTSTATE_TIMELAPSE_LAND  , [0], EVENT_I2C_ERROR_RESET
2022/07/17 19:22:25.919 (8 days 02:58:24.919): FLIGHTSTATE_TIMELAPSE_LAND  , [0], EVENT_I2C_ERROR_RESET
2022/07/17 19:22:30.389 (8 days 02:58:28.389): FLIGHTSTATE_TIMELAPSE_LAND  , [0], EVENT_I2C_ERROR_RESET
2022/07/17 19:22:35.978 (8 days 02:58:34.978): FLIGHTSTATE_TIMELAPSE_LAND  , [0], EVENT_I2C_ERROR_RESET
2022/07/17 19:22:40.398 (8 days 02:58:38.398): FLIGHTSTATE_TIMELAPSE_LAND  , [0], EVENT_I2C_ERROR_RESET
2022/07/17 19:22:46.228 (8 days 02:58:44.228): FLIGHTSTATE_TIMELAPSE_LAND  , [0], EVENT_I2C_ERROR_RESET
2022/07/17 19:22:51.606 (8 days 02:58:50.606): FLIGHTSTATE_TIMELAPSE_LAND  , [0], EVENT_I2C_ERROR_RESET
2022/07/17 19:22:56.078 (8 days 02:58:54.078): FLIGHTSTATE_TIMELAPSE_LAND  , [0], EVENT_I2C_ERROR_RESET
2022/07/17 19:23:01.665 (8 days 02:58:60.665): FLIGHTSTATE_TIMELAPSE_LAND  , [0], EVENT_I2C_ERROR_RESET
2022/07/17 19:23:06.137 (8 days 02:59:04.137): FLIGHTSTATE_TIMELAPSE_LAND  , [0], EVENT_I2C_ERROR_RESET
2022/07/17 19:23:11.724 (8 days 02:59:10.724): FLIGHTSTATE_TIMELAPSE_LAND  , [0], EVENT_I2C_ERROR_RESET
2022/07/17 19:23:16.196 (8 days 02:59:14.196): FLIGHTSTATE_TIMELAPSE_LAND  , [0], EVENT_I2C_ERROR_RESET
2022/07/17 19:23:21.783 (8 days 02:59:20.783): FLIGHTSTATE_TIMELAPSE_LAND  , [0], EVENT_I2C_ERROR_RESET
2022/07/17 19:23:26.255 (8 days 02:59:24.255): FLIGHTSTATE_TIMELAPSE_LAND  , [0], EVENT_I2C_ERROR_RESET
2022/07/17 19:23:31.842 (8 days 02:59:30.842): FLIGHTSTATE_TIMELAPSE_LAND  , [0], EVENT_I2C_ERROR_RESET
2022/07/17 19:23:36.314 (8 days 02:59:34.314): FLIGHTSTATE_TIMELAPSE_LAND  , [0], EVENT_I2C_ERROR_RESET
2022/07/17 19:23:41.901 (8 days 02:59:40.901): FLIGHTSTATE_TIMELAPSE_LAND  , [0], EVENT_I2C_ERROR_RESET
2022/07/17 19:23:46.373 (8 days 02:59:44.373): FLIGHTSTATE_TIMELAPSE_LAND  , [0], EVENT_I2C_ERROR_RESET
2022/07/17 19:23:51.960 (8 days 02:59:50.960): FLIGHTSTATE_TIMELAPSE_LAND  , [0], EVENT_I2C_ERROR_RESET
2022/07/17 19:23:56.432 (8 days 02:59:54.432): FLIGHTSTATE_TIMELAPSE_LAND  , [0], EVENT_I2C_ERROR_RESET
2022/07/17 19:24:02.019 (8 days 03:00:00.019): FLIGHTSTATE_TIMELAPSE_LAND  , [0], EVENT_I2C_ERROR_RESET
2022/07/17 19:24:07.599 (8 days 03:00:06.599): FLIGHTSTATE_TIMELAPSE_LAND  , [0], EVENT_I2C_ERROR_RESET
2022/07/17 19:24:12.061 (8 days 03:00:10.061): FLIGHTSTATE_TIMELAPSE_LAND  , [0], EVENT_I2C_ERROR_RESET
2022/07/17 19:24:17.640 (8 days 03:00:16.640): FLIGHTSTATE_TIMELAPSE_LAND  , [0], EVENT_I2C_ERROR_RESET
2022/07/17 19:24:22.102 (8 days 03:00:20.102): FLIGHTSTATE_TIMELAPSE_LAND  , [0], EVENT_I2C_ERROR_RESET
2022/07/17 19:24:27.681 (8 days 03:00:26.681): FLIGHTSTATE_TIMELAPSE_LAND  , [0], EVENT_I2C_ERROR_RESET
2022/07/17 19:24:32.143 (8 days 03:00:30.143): FLIGHTSTATE_TIMELAPSE_LAND  , [0], EVENT_I2C_ERROR_RESET
2022/07/17 19:24:37.722 (8 days 03:00:36.722): FLIGHTSTATE_TIMELAPSE_LAND  , [0], EVENT_I2C_ERROR_RESET
2022/07/17 19:24:42.134 (8 days 03:00:40.134): FLIGHTSTATE_TIMELAPSE_LAND  , [0], EVENT_I2C_ERROR_RESET
2022/07/17 19:24:47.818 (8 days 03:00:46.818): FLIGHTSTATE_TIMELAPSE_LAND  , [0], EVENT_I2C_ERROR_RESET
2022/07/17 19:24:52.081 (8 days 03:00:50.081): FLIGHTSTATE_TIMELAPSE_LAND  , [0], EVENT_I2C_ERROR_RESET
2022/07/17 19:24:57.658 (8 days 03:00:56.658): FLIGHTSTATE_TIMELAPSE_LAND  , [0], EVENT_I2C_ERROR_RESET
2022/07/17 19:25:02.120 (8 days 03:01:00.120): FLIGHTSTATE_TIMELAPSE_LAND  , [0], EVENT_I2C_ERROR_RESET
2022/07/17 19:25:07.697 (8 days 03:01:06.697): FLIGHTSTATE_TIMELAPSE_LAND  , [0], EVENT_I2C_ERROR_RESET
2022/07/17 19:25:12.158 (8 days 03:01:10.158): FLIGHTSTATE_TIMELAPSE_LAND  , [0], EVENT_I2C_ERROR_RESET
2022/07/17 19:25:17.736 (8 days 03:01:16.736): FLIGHTSTATE_TIMELAPSE_LAND  , [0], EVENT_I2C_ERROR_RESET
2022/07/17 19:25:22.195 (8 days 03:01:20.195): FLIGHTSTATE_TIMELAPSE_LAND  , [0], EVENT_I2C_ERROR_RESET
2022/07/17 19:25:27.774 (8 days 03:01:26.774): FLIGHTSTATE_TIMELAPSE_LAND  , [0], EVENT_I2C_ERROR_RESET
2022/07/17 19:25:32.236 (8 days 03:01:30.236): FLIGHTSTATE_TIMELAPSE_LAND  , [0], EVENT_I2C_ERROR_RESET
2022/07/17 19:25:37.815 (8 days 03:01:36.815): FLIGHTSTATE_TIMELAPSE_LAND  , [0], EVENT_I2C_ERROR_RESET
2022/07/17 19:25:42.277 (8 days 03:01:40.277): FLIGHTSTATE_TIMELAPSE_LAND  , [0], EVENT_I2C_ERROR_RESET
2022/07/17 19:25:47.856 (8 days 03:01:46.856): FLIGHTSTATE_TIMELAPSE_LAND  , [0], EVENT_I2C_ERROR_RESET
2022/07/17 19:25:52.318 (8 days 03:01:50.318): FLIGHTSTATE_TIMELAPSE_LAND  , [0], EVENT_I2C_ERROR_RESET
2022/07/17 19:25:57.897 (8 days 03:01:56.897): FLIGHTSTATE_TIMELAPSE_LAND  , [0], EVENT_I2C_ERROR_RESET
2022/07/17 19:26:02.361 (8 days 03:02:00.361): FLIGHTSTATE_TIMELAPSE_LAND  , [0], EVENT_I2C_ERROR_RESET
2022/07/17 19:26:07.938 (8 days 03:02:06.938): FLIGHTSTATE_TIMELAPSE_LAND  , [0], EVENT_I2C_ERROR_RESET
2022/07/17 19:26:12.402 (8 days 03:02:10.402): FLIGHTSTATE_TIMELAPSE_LAND  , [0], EVENT_I2C_ERROR_RESET
2022/07/17 19:26:17.979 (8 days 03:02:16.979): FLIGHTSTATE_TIMELAPSE_LAND  , [0], EVENT_I2C_ERROR_RESET
2022/07/17 19:26:22.443 (8 days 03:02:20.443): FLIGHTSTATE_TIMELAPSE_LAND  , [0], EVENT_I2C_ERROR_RESET
20106/02/07 06:28:15.999 (-1 days 23:59:60.999): FLIGHTSTATE_UNKNOWN(255)  , [255], EVENT_UNKNOWN (255)
Process ended with 256 events
